This is pdfTeX, Version 3.14159265-2.6-1.40.16 (TeX Live 2015/Debian) (preloaded format=pdflatex 2018.7.30)  11 OCT 2018 17:51
entering extended mode
 restricted \write18 enabled.
 %&-line parsing enabled.
**approx_workload
(./approx_workload.tex
LaTeX2e <2016/02/01>
Babel <3.9q> and hyphenation patterns for 81 language(s) loaded.
(./IEEEtran.cls
Document Class: IEEEtran 2015/08/26 V1.8b by Michael Shell
-- See the "IEEEtran_HOWTO" manual for usage information.
-- http://www.michaelshell.org/tex/ieeetran/
\@IEEEtrantmpdimenA=\dimen102
\@IEEEtrantmpdimenB=\dimen103
\@IEEEtrantmpdimenC=\dimen104
\@IEEEtrantmpcountA=\count79
\@IEEEtrantmpcountB=\count80
\@IEEEtrantmpcountC=\count81
\@IEEEtrantmptoksA=\toks14
LaTeX Font Info:    Try loading font information for OT1+ptm on input line 503.

(/usr/share/texlive/texmf-dist/tex/latex/psnfss/ot1ptm.fd
File: ot1ptm.fd 2001/06/04 font definitions for OT1/ptm.
)
-- Using 8.5in x 11in (letter) paper.
-- Using PDF output.
\@IEEEnormalsizeunitybaselineskip=\dimen105
-- This is a 10 point document.
\CLASSINFOnormalsizebaselineskip=\dimen106
\CLASSINFOnormalsizeunitybaselineskip=\dimen107
\IEEEnormaljot=\dimen108
LaTeX Font Info:    Font shape `OT1/ptm/bx/n' in size <5> not available
(Font)              Font shape `OT1/ptm/b/n' tried instead on input line 1090.
LaTeX Font Info:    Font shape `OT1/ptm/bx/it' in size <5> not available
(Font)              Font shape `OT1/ptm/b/it' tried instead on input line 1090.

LaTeX Font Info:    Font shape `OT1/ptm/bx/n' in size <7> not available
(Font)              Font shape `OT1/ptm/b/n' tried instead on input line 1090.
LaTeX Font Info:    Font shape `OT1/ptm/bx/it' in size <7> not available
(Font)              Font shape `OT1/ptm/b/it' tried instead on input line 1090.

LaTeX Font Info:    Font shape `OT1/ptm/bx/n' in size <8> not available
(Font)              Font shape `OT1/ptm/b/n' tried instead on input line 1090.
LaTeX Font Info:    Font shape `OT1/ptm/bx/it' in size <8> not available
(Font)              Font shape `OT1/ptm/b/it' tried instead on input line 1090.

LaTeX Font Info:    Font shape `OT1/ptm/bx/n' in size <9> not available
(Font)              Font shape `OT1/ptm/b/n' tried instead on input line 1090.
LaTeX Font Info:    Font shape `OT1/ptm/bx/it' in size <9> not available
(Font)              Font shape `OT1/ptm/b/it' tried instead on input line 1090.

LaTeX Font Info:    Font shape `OT1/ptm/bx/n' in size <10> not available
(Font)              Font shape `OT1/ptm/b/n' tried instead on input line 1090.
LaTeX Font Info:    Font shape `OT1/ptm/bx/it' in size <10> not available
(Font)              Font shape `OT1/ptm/b/it' tried instead on input line 1090.

LaTeX Font Info:    Font shape `OT1/ptm/bx/n' in size <11> not available
(Font)              Font shape `OT1/ptm/b/n' tried instead on input line 1090.
LaTeX Font Info:    Font shape `OT1/ptm/bx/it' in size <11> not available
(Font)              Font shape `OT1/ptm/b/it' tried instead on input line 1090.

LaTeX Font Info:    Font shape `OT1/ptm/bx/n' in size <12> not available
(Font)              Font shape `OT1/ptm/b/n' tried instead on input line 1090.
LaTeX Font Info:    Font shape `OT1/ptm/bx/it' in size <12> not available
(Font)              Font shape `OT1/ptm/b/it' tried instead on input line 1090.

LaTeX Font Info:    Font shape `OT1/ptm/bx/n' in size <17> not available
(Font)              Font shape `OT1/ptm/b/n' tried instead on input line 1090.
LaTeX Font Info:    Font shape `OT1/ptm/bx/it' in size <17> not available
(Font)              Font shape `OT1/ptm/b/it' tried instead on input line 1090.

LaTeX Font Info:    Font shape `OT1/ptm/bx/n' in size <20> not available
(Font)              Font shape `OT1/ptm/b/n' tried instead on input line 1090.
LaTeX Font Info:    Font shape `OT1/ptm/bx/it' in size <20> not available
(Font)              Font shape `OT1/ptm/b/it' tried instead on input line 1090.

LaTeX Font Info:    Font shape `OT1/ptm/bx/n' in size <24> not available
(Font)              Font shape `OT1/ptm/b/n' tried instead on input line 1090.
LaTeX Font Info:    Font shape `OT1/ptm/bx/it' in size <24> not available
(Font)              Font shape `OT1/ptm/b/it' tried instead on input line 1090.

\IEEEquantizedlength=\dimen109
\IEEEquantizedlengthdiff=\dimen110
\IEEEquantizedtextheightdiff=\dimen111
\IEEEilabelindentA=\dimen112
\IEEEilabelindentB=\dimen113
\IEEEilabelindent=\dimen114
\IEEEelabelindent=\dimen115
\IEEEdlabelindent=\dimen116
\IEEElabelindent=\dimen117
\IEEEiednormlabelsep=\dimen118
\IEEEiedmathlabelsep=\dimen119
\IEEEiedtopsep=\skip41
\c@section=\count82
\c@subsection=\count83
\c@subsubsection=\count84
\c@paragraph=\count85
\c@IEEEsubequation=\count86
\abovecaptionskip=\skip42
\belowcaptionskip=\skip43
\c@figure=\count87
\c@table=\count88
\@IEEEeqnnumcols=\count89
\@IEEEeqncolcnt=\count90
\@IEEEsubeqnnumrollback=\count91
\@IEEEquantizeheightA=\dimen120
\@IEEEquantizeheightB=\dimen121
\@IEEEquantizeheightC=\dimen122
\@IEEEquantizeprevdepth=\dimen123
\@IEEEquantizemultiple=\count92
\@IEEEquantizeboxA=\box26
\@IEEEtmpitemindent=\dimen124
\IEEEPARstartletwidth=\dimen125
\c@IEEEbiography=\count93
\@IEEEtranrubishbin=\box27
) (/usr/share/texlive/texmf-dist/tex/latex/amsmath/amsmath.sty
Package: amsmath 2016/03/03 v2.15a AMS math features
\@mathmargin=\skip44

For additional information on amsmath, use the `?' option.
(/usr/share/texlive/texmf-dist/tex/latex/amsmath/amstext.sty
Package: amstext 2000/06/29 v2.01 AMS text

(/usr/share/texlive/texmf-dist/tex/latex/amsmath/amsgen.sty
File: amsgen.sty 1999/11/30 v2.0 generic functions
\@emptytoks=\toks15
\ex@=\dimen126
))
(/usr/share/texlive/texmf-dist/tex/latex/amsmath/amsbsy.sty
Package: amsbsy 1999/11/29 v1.2d Bold Symbols
\pmbraise@=\dimen127
)
(/usr/share/texlive/texmf-dist/tex/latex/amsmath/amsopn.sty
Package: amsopn 1999/12/14 v2.01 operator names
)
\inf@bad=\count94
LaTeX Info: Redefining \frac on input line 199.
\uproot@=\count95
\leftroot@=\count96
LaTeX Info: Redefining \overline on input line 297.
\classnum@=\count97
\DOTSCASE@=\count98
LaTeX Info: Redefining \ldots on input line 394.
LaTeX Info: Redefining \dots on input line 397.
LaTeX Info: Redefining \cdots on input line 518.
\Mathstrutbox@=\box28
\strutbox@=\box29
\big@size=\dimen128
LaTeX Font Info:    Redeclaring font encoding OML on input line 630.
LaTeX Font Info:    Redeclaring font encoding OMS on input line 631.
\macc@depth=\count99
\c@MaxMatrixCols=\count100
\dotsspace@=\muskip10
\c@parentequation=\count101
\dspbrk@lvl=\count102
\tag@help=\toks16
\row@=\count103
\column@=\count104
\maxfields@=\count105
\andhelp@=\toks17
\eqnshift@=\dimen129
\alignsep@=\dimen130
\tagshift@=\dimen131
\tagwidth@=\dimen132
\totwidth@=\dimen133
\lineht@=\dimen134
\@envbody=\toks18
\multlinegap=\skip45
\multlinetaggap=\skip46
\mathdisplay@stack=\toks19
LaTeX Info: Redefining \[ on input line 2735.
LaTeX Info: Redefining \] on input line 2736.
)
(/usr/share/texlive/texmf-dist/tex/latex/amsfonts/amssymb.sty
Package: amssymb 2013/01/14 v3.01 AMS font symbols

(/usr/share/texlive/texmf-dist/tex/latex/amsfonts/amsfonts.sty
Package: amsfonts 2013/01/14 v3.01 Basic AMSFonts support
\symAMSa=\mathgroup4
\symAMSb=\mathgroup5
LaTeX Font Info:    Overwriting math alphabet `\mathfrak' in version `bold'
(Font)                  U/euf/m/n --> U/euf/b/n on input line 106.
))
(/usr/share/texlive/texmf-dist/tex/latex/algorithms/algorithmic.sty
Package: algorithmic 2009/08/24 v0.1 Document Style `algorithmic'

(/usr/share/texlive/texmf-dist/tex/latex/base/ifthen.sty
Package: ifthen 2014/09/29 v1.1c Standard LaTeX ifthen package (DPC)
)
(/usr/share/texlive/texmf-dist/tex/latex/graphics/keyval.sty
Package: keyval 2014/10/28 v1.15 key=value parser (DPC)
\KV@toks@=\toks20
)
\c@ALC@unique=\count106
\c@ALC@line=\count107
\c@ALC@rem=\count108
\c@ALC@depth=\count109
\ALC@tlm=\skip47
\algorithmicindent=\skip48
)
(/usr/share/texlive/texmf-dist/tex/latex/graphics/graphicx.sty
Package: graphicx 2014/10/28 v1.0g Enhanced LaTeX Graphics (DPC,SPQR)

(/usr/share/texlive/texmf-dist/tex/latex/graphics/graphics.sty
Package: graphics 2016/01/03 v1.0q Standard LaTeX Graphics (DPC,SPQR)

(/usr/share/texlive/texmf-dist/tex/latex/graphics/trig.sty
Package: trig 2016/01/03 v1.10 sin cos tan (DPC)
)
(/usr/share/texlive/texmf-dist/tex/latex/latexconfig/graphics.cfg
File: graphics.cfg 2010/04/23 v1.9 graphics configuration of TeX Live
)
Package graphics Info: Driver file: pdftex.def on input line 95.

(/usr/share/texlive/texmf-dist/tex/latex/pdftex-def/pdftex.def
File: pdftex.def 2011/05/27 v0.06d Graphics/color for pdfTeX

(/usr/share/texlive/texmf-dist/tex/generic/oberdiek/infwarerr.sty
Package: infwarerr 2010/04/08 v1.3 Providing info/warning/error messages (HO)
)
(/usr/share/texlive/texmf-dist/tex/generic/oberdiek/ltxcmds.sty
Package: ltxcmds 2011/11/09 v1.22 LaTeX kernel commands for general use (HO)
)
\Gread@gobject=\count110
))
\Gin@req@height=\dimen135
\Gin@req@width=\dimen136
)
(/usr/share/texlive/texmf-dist/tex/latex/base/textcomp.sty
Package: textcomp 2005/09/27 v1.99g Standard LaTeX package
Package textcomp Info: Sub-encoding information:
(textcomp)               5 = only ISO-Adobe without \textcurrency
(textcomp)               4 = 5 + \texteuro
(textcomp)               3 = 4 + \textohm
(textcomp)               2 = 3 + \textestimated + \textcurrency
(textcomp)               1 = TS1 - \textcircled - \t
(textcomp)               0 = TS1 (full)
(textcomp)             Font families with sub-encoding setting implement
(textcomp)             only a restricted character set as indicated.
(textcomp)             Family '?' is the default used for unknown fonts.
(textcomp)             See the documentation for details.
Package textcomp Info: Setting ? sub-encoding to TS1/1 on input line 79.

(/usr/share/texlive/texmf-dist/tex/latex/base/ts1enc.def
File: ts1enc.def 2001/06/05 v3.0e (jk/car/fm) Standard LaTeX file
)
LaTeX Info: Redefining \oldstylenums on input line 334.
Package textcomp Info: Setting cmr sub-encoding to TS1/0 on input line 349.
Package textcomp Info: Setting cmss sub-encoding to TS1/0 on input line 350.
Package textcomp Info: Setting cmtt sub-encoding to TS1/0 on input line 351.
Package textcomp Info: Setting cmvtt sub-encoding to TS1/0 on input line 352.
Package textcomp Info: Setting cmbr sub-encoding to TS1/0 on input line 353.
Package textcomp Info: Setting cmtl sub-encoding to TS1/0 on input line 354.
Package textcomp Info: Setting ccr sub-encoding to TS1/0 on input line 355.
Package textcomp Info: Setting ptm sub-encoding to TS1/4 on input line 356.
Package textcomp Info: Setting pcr sub-encoding to TS1/4 on input line 357.
Package textcomp Info: Setting phv sub-encoding to TS1/4 on input line 358.
Package textcomp Info: Setting ppl sub-encoding to TS1/3 on input line 359.
Package textcomp Info: Setting pag sub-encoding to TS1/4 on input line 360.
Package textcomp Info: Setting pbk sub-encoding to TS1/4 on input line 361.
Package textcomp Info: Setting pnc sub-encoding to TS1/4 on input line 362.
Package textcomp Info: Setting pzc sub-encoding to TS1/4 on input line 363.
Package textcomp Info: Setting bch sub-encoding to TS1/4 on input line 364.
Package textcomp Info: Setting put sub-encoding to TS1/5 on input line 365.
Package textcomp Info: Setting uag sub-encoding to TS1/5 on input line 366.
Package textcomp Info: Setting ugq sub-encoding to TS1/5 on input line 367.
Package textcomp Info: Setting ul8 sub-encoding to TS1/4 on input line 368.
Package textcomp Info: Setting ul9 sub-encoding to TS1/4 on input line 369.
Package textcomp Info: Setting augie sub-encoding to TS1/5 on input line 370.
Package textcomp Info: Setting dayrom sub-encoding to TS1/3 on input line 371.
Package textcomp Info: Setting dayroms sub-encoding to TS1/3 on input line 372.

Package textcomp Info: Setting pxr sub-encoding to TS1/0 on input line 373.
Package textcomp Info: Setting pxss sub-encoding to TS1/0 on input line 374.
Package textcomp Info: Setting pxtt sub-encoding to TS1/0 on input line 375.
Package textcomp Info: Setting txr sub-encoding to TS1/0 on input line 376.
Package textcomp Info: Setting txss sub-encoding to TS1/0 on input line 377.
Package textcomp Info: Setting txtt sub-encoding to TS1/0 on input line 378.
Package textcomp Info: Setting lmr sub-encoding to TS1/0 on input line 379.
Package textcomp Info: Setting lmdh sub-encoding to TS1/0 on input line 380.
Package textcomp Info: Setting lmss sub-encoding to TS1/0 on input line 381.
Package textcomp Info: Setting lmssq sub-encoding to TS1/0 on input line 382.
Package textcomp Info: Setting lmvtt sub-encoding to TS1/0 on input line 383.
Package textcomp Info: Setting lmtt sub-encoding to TS1/0 on input line 384.
Package textcomp Info: Setting qhv sub-encoding to TS1/0 on input line 385.
Package textcomp Info: Setting qag sub-encoding to TS1/0 on input line 386.
Package textcomp Info: Setting qbk sub-encoding to TS1/0 on input line 387.
Package textcomp Info: Setting qcr sub-encoding to TS1/0 on input line 388.
Package textcomp Info: Setting qcs sub-encoding to TS1/0 on input line 389.
Package textcomp Info: Setting qpl sub-encoding to TS1/0 on input line 390.
Package textcomp Info: Setting qtm sub-encoding to TS1/0 on input line 391.
Package textcomp Info: Setting qzc sub-encoding to TS1/0 on input line 392.
Package textcomp Info: Setting qhvc sub-encoding to TS1/0 on input line 393.
Package textcomp Info: Setting futs sub-encoding to TS1/4 on input line 394.
Package textcomp Info: Setting futx sub-encoding to TS1/4 on input line 395.
Package textcomp Info: Setting futj sub-encoding to TS1/4 on input line 396.
Package textcomp Info: Setting hlh sub-encoding to TS1/3 on input line 397.
Package textcomp Info: Setting hls sub-encoding to TS1/3 on input line 398.
Package textcomp Info: Setting hlst sub-encoding to TS1/3 on input line 399.
Package textcomp Info: Setting hlct sub-encoding to TS1/5 on input line 400.
Package textcomp Info: Setting hlx sub-encoding to TS1/5 on input line 401.
Package textcomp Info: Setting hlce sub-encoding to TS1/5 on input line 402.
Package textcomp Info: Setting hlcn sub-encoding to TS1/5 on input line 403.
Package textcomp Info: Setting hlcw sub-encoding to TS1/5 on input line 404.
Package textcomp Info: Setting hlcf sub-encoding to TS1/5 on input line 405.
Package textcomp Info: Setting pplx sub-encoding to TS1/3 on input line 406.
Package textcomp Info: Setting pplj sub-encoding to TS1/3 on input line 407.
Package textcomp Info: Setting ptmx sub-encoding to TS1/4 on input line 408.
Package textcomp Info: Setting ptmj sub-encoding to TS1/4 on input line 409.
)
(/usr/share/texlive/texmf-dist/tex/latex/xcolor/xcolor.sty
Package: xcolor 2007/01/21 v2.11 LaTeX color extensions (UK)

(/usr/share/texlive/texmf-dist/tex/latex/latexconfig/color.cfg
File: color.cfg 2007/01/18 v1.5 color configuration of teTeX/TeXLive
)
Package xcolor Info: Driver file: pdftex.def on input line 225.
Package xcolor Info: Model `cmy' substituted by `cmy0' on input line 1337.
Package xcolor Info: Model `hsb' substituted by `rgb' on input line 1341.
Package xcolor Info: Model `RGB' extended on input line 1353.
Package xcolor Info: Model `HTML' substituted by `rgb' on input line 1355.
Package xcolor Info: Model `Hsb' substituted by `hsb' on input line 1356.
Package xcolor Info: Model `tHsb' substituted by `hsb' on input line 1357.
Package xcolor Info: Model `HSB' substituted by `hsb' on input line 1358.
Package xcolor Info: Model `Gray' substituted by `gray' on input line 1359.
Package xcolor Info: Model `wave' substituted by `hsb' on input line 1360.
)
(/usr/share/texlive/texmf-dist/tex/latex/caption/caption.sty
Package: caption 2016/02/21 v3.3-144 Customizing captions (AR)

(/usr/share/texlive/texmf-dist/tex/latex/caption/caption3.sty
Package: caption3 2016/02/04 v1.7-139 caption3 kernel (AR)
Package caption3 Info: TeX engine: e-TeX on input line 67.
\captionmargin=\dimen137
\captionmargin@=\dimen138
\captionwidth=\dimen139
\caption@tempdima=\dimen140
\caption@indent=\dimen141
\caption@parindent=\dimen142
\caption@hangindent=\dimen143
Package caption Info: Unknown document class (or package),
(caption)             standard defaults will be used.
)

Package caption Warning: Unsupported document class (or package) detected,
(caption)                usage of the caption package is not recommended.
See the caption package documentation for explanation.

Package caption Info: \@makecaption = \long macro:#1#2->\ifx \@captype \@IEEEta
blestring \footnotesize \bgroup \par \centering \@IEEEtabletopskipstrut {\norma
lfont \footnotesize #1}\\{\normalfont \footnotesize \scshape #2}\par \addvspace
 {0.5\baselineskip }\egroup \@IEEEtablecaptionsepspace \else \@IEEEfigurecaptio
nsepspace \setbox \@tempboxa \hbox {\normalfont \footnotesize {#1.}\nobreakspac
e \nobreakspace #2}\ifdim \wd \@tempboxa >\hsize \setbox \@tempboxa \hbox {\nor
malfont \footnotesize {#1.}\nobreakspace \nobreakspace }\parbox [t]{\hsize }{\n
ormalfont \footnotesize \noindent \unhbox \@tempboxa #2}\else \ifCLASSOPTIONcon
ference \hbox to\hsize {\normalfont \footnotesize \hfil \box \@tempboxa \hfil }
\else \hbox to\hsize {\normalfont \footnotesize \box \@tempboxa \hfil }\fi \fi 
\fi .
\c@ContinuedFloat=\count111
) (/usr/share/texlive/texmf-dist/tex/latex/caption/subcaption.sty
Package: subcaption 2016/02/20 v1.1-142 Sub-captions (AR)
\c@subfigure=\count112
\c@subtable=\count113
)
(/usr/share/texlive/texmf-dist/tex/latex/multirow/multirow.sty
\bigstrutjot=\dimen144
)
(/usr/share/texlive/texmf-dist/tex/latex/makecell/makecell.sty
Package: makecell 2009/08/03 V0.1e Managing of Tab Column Heads and Cells

(/usr/share/texlive/texmf-dist/tex/latex/tools/array.sty
Package: array 2014/10/28 v2.4c Tabular extension package (FMi)
\col@sep=\dimen145
\extrarowheight=\dimen146
\NC@list=\toks21
\extratabsurround=\skip49
\backup@length=\skip50
)
\rotheadsize=\dimen147
\c@nlinenum=\count114
\TeXr@lab=\toks22
)
(/usr/share/texlive/texmf-dist/tex/latex/cleveref/cleveref.sty
Package: cleveref 2013/12/28 v0.19 Intelligent cross-referencing
)
(/usr/share/texlive/texmf-dist/tex/latex/biblatex/biblatex.sty
Package: biblatex 2016/03/03 v3.3 programmable bibliographies (PK/JW/AB)

(/usr/share/texlive/texmf-dist/tex/latex/biblatex/biblatex_legacy.sty
Package: biblatex_legacy 2016/03/03 v3.3 programmable bibliographies (bibtex) (
PK/JW/AB)

(/usr/share/texlive/texmf-dist/tex/latex/etoolbox/etoolbox.sty
Package: etoolbox 2015/08/02 v2.2a e-TeX tools for LaTeX (JAW)
\etb@tempcnta=\count115
)
(/usr/share/texlive/texmf-dist/tex/latex/logreq/logreq.sty
Package: logreq 2010/08/04 v1.0 xml request logger
\lrq@indent=\count116

(/usr/share/texlive/texmf-dist/tex/latex/logreq/logreq.def
File: logreq.def 2010/08/04 v1.0 logreq spec v1.0
))
(/usr/share/texlive/texmf-dist/tex/latex/url/url.sty
\Urlmuskip=\muskip11
Package: url 2013/09/16  ver 3.4  Verb mode for urls, etc.
)
\c@tabx@nest=\count117
\c@listtotal=\count118
\c@listcount=\count119
\c@liststart=\count120
\c@liststop=\count121
\c@citecount=\count122
\c@citetotal=\count123
\c@multicitecount=\count124
\c@multicitetotal=\count125
\c@instcount=\count126
\c@maxnames=\count127
\c@minnames=\count128
\c@maxitems=\count129
\c@minitems=\count130
\c@citecounter=\count131
\c@savedcitecounter=\count132
\c@uniquelist=\count133
\c@uniquename=\count134
\c@refsection=\count135
\c@refsegment=\count136
\c@maxextrayear=\count137
\c@maxextraalpha=\count138
\c@abbrvpenalty=\count139
\c@highnamepenalty=\count140
\c@lownamepenalty=\count141
\c@maxparens=\count142
\c@parenlevel=\count143
\blx@tempcnta=\count144
\blx@tempcntb=\count145
\blx@tempcntc=\count146
\blx@maxsection=\count147
\blx@maxsegment=\count148
\blx@notetype=\count149
\blx@parenlevel@text=\count150
\blx@parenlevel@foot=\count151
\labelnumberwidth=\skip51
\labelalphawidth=\skip52
\shorthandwidth=\skip53
\biblabelsep=\skip54
\bibitemsep=\skip55
\bibnamesep=\skip56
\bibinitsep=\skip57
\bibparsep=\skip58
\bibhang=\skip59
\blx@auxin=\read1
\blx@auxout=\write3
\c@mincomprange=\count152
\c@maxcomprange=\count153
\c@mincompwidth=\count154
\c@labelname=\count155
\c@savedlabelname=\count156
\c@author=\count157
\c@savedauthor=\count158
\c@shortauthor=\count159
\c@savedshortauthor=\count160
\c@editor=\count161
\c@savededitor=\count162
\c@editora=\count163
\c@savededitora=\count164
\c@editorb=\count165
\c@savededitorb=\count166
\c@editorc=\count167
\c@savededitorc=\count168
\c@shorteditor=\count169
\c@savedshorteditor=\count170
\c@bookauthor=\count171
\c@savedbookauthor=\count172
\c@translator=\count173
\c@savedtranslator=\count174
\c@annotator=\count175
\c@savedannotator=\count176
\c@commentator=\count177
\c@savedcommentator=\count178
\c@introduction=\count179
\c@savedintroduction=\count180
\c@foreword=\count181
\c@savedforeword=\count182
\c@afterword=\count183
\c@savedafterword=\count184
\c@holder=\count185
\c@savedholder=\count186
\c@namea=\count187
\c@savednamea=\count188
\c@nameb=\count189
\c@savednameb=\count190
\c@namec=\count191
\c@savednamec=\count192
\c@institution=\count193
\c@savedinstitution=\count194
\c@language=\count195
\c@savedlanguage=\count196
\c@location=\count197
\c@savedlocation=\count198
\c@organization=\count199
\c@savedorganization=\count266
\c@origlocation=\count267
\c@savedoriglocation=\count268
\c@origpublisher=\count269
\c@savedorigpublisher=\count270
\c@pageref=\count271
\c@savedpageref=\count272
\c@publisher=\count273
\c@savedpublisher=\count274
\c@lista=\count275
\c@savedlista=\count276
\c@listb=\count277
\c@savedlistb=\count278
\c@listc=\count279
\c@savedlistc=\count280
\c@listd=\count281
\c@savedlistd=\count282
\c@liste=\count283
\c@savedliste=\count284
\c@listf=\count285
\c@savedlistf=\count286
Package biblatex Info: Trying to load compatibility code...
Package biblatex Info: ... file 'blx-compat.def' found.

(/usr/share/texlive/texmf-dist/tex/latex/biblatex/blx-compat.def
File: blx-compat.def 2016/03/03 v3.3 biblatex compatibility (PK/JW/AB)
)
Package biblatex Info: Trying to load generic definitions...
Package biblatex Info: ... file 'biblatex_legacy.def' found.

(/usr/share/texlive/texmf-dist/tex/latex/biblatex/biblatex_legacy.def
File: biblatex_legacy.def 
\c@textcitecount=\count287
\c@textcitetotal=\count288
\c@textcitemaxnames=\count289
\c@biburlnumpenalty=\count290
\c@biburlucpenalty=\count291
\c@biburllcpenalty=\count292
\c@smartand=\count293
)
Package biblatex Info: Trying to load bibliography style 'numeric'...
Package biblatex Info: ... file 'numeric.bbx' found.

(/usr/share/texlive/texmf-dist/tex/latex/biblatex/bbx/numeric.bbx
File: numeric.bbx 2016/03/03 v3.3 biblatex bibliography style (PK/JW/AB)
Package biblatex Info: Trying to load bibliography style 'standard'...
Package biblatex Info: ... file 'standard.bbx' found.

(/usr/share/texlive/texmf-dist/tex/latex/biblatex/bbx/standard.bbx
File: standard.bbx 2016/03/03 v3.3 biblatex bibliography style (PK/JW/AB)
\c@bbx:relatedcount=\count294
\c@bbx:relatedtotal=\count295
))
Package biblatex Info: Trying to load citation style 'numeric'...
Package biblatex Info: ... file 'numeric.cbx' found.

(/usr/share/texlive/texmf-dist/tex/latex/biblatex/cbx/numeric.cbx
File: numeric.cbx 2016/03/03 v3.3 biblatex citation style (PK/JW/AB)
Package biblatex Info: Redefining '\cite'.
Package biblatex Info: Redefining '\parencite'.
Package biblatex Info: Redefining '\footcite'.
Package biblatex Info: Redefining '\footcitetext'.
Package biblatex Info: Redefining '\smartcite'.
Package biblatex Info: Redefining '\supercite'.
Package biblatex Info: Redefining '\textcite'.
Package biblatex Info: Redefining '\textcites'.
Package biblatex Info: Redefining '\cites'.
Package biblatex Info: Redefining '\parencites'.
Package biblatex Info: Redefining '\smartcites'.
)
Package biblatex Info: Trying to load configuration file...
Package biblatex Info: ... file 'biblatex.cfg' found.

(/usr/share/texlive/texmf-dist/tex/latex/biblatex/biblatex.cfg
File: biblatex.cfg 
)))
Package biblatex Info: Trying to load language 'english'...
Package biblatex Info: ... file 'english.lbx' found.

(/usr/share/texlive/texmf-dist/tex/latex/biblatex/lbx/english.lbx
File: english.lbx 2016/03/03 v3.3 biblatex localization (PK/JW/AB)
)
\@quotelevel=\count296
\@quotereset=\count297

(./approx_workload.aux)
\openout1 = `approx_workload.aux'.

LaTeX Font Info:    Checking defaults for OML/cmm/m/it on input line 24.
LaTeX Font Info:    ... okay on input line 24.
LaTeX Font Info:    Checking defaults for T1/cmr/m/n on input line 24.
LaTeX Font Info:    ... okay on input line 24.
LaTeX Font Info:    Checking defaults for OT1/cmr/m/n on input line 24.
LaTeX Font Info:    ... okay on input line 24.
LaTeX Font Info:    Checking defaults for OMS/cmsy/m/n on input line 24.
LaTeX Font Info:    ... okay on input line 24.
LaTeX Font Info:    Checking defaults for OMX/cmex/m/n on input line 24.
LaTeX Font Info:    ... okay on input line 24.
LaTeX Font Info:    Checking defaults for U/cmr/m/n on input line 24.
LaTeX Font Info:    ... okay on input line 24.
LaTeX Font Info:    Checking defaults for TS1/cmr/m/n on input line 24.
LaTeX Font Info:    Try loading font information for TS1+cmr on input line 24.
 (/usr/share/texlive/texmf-dist/tex/latex/base/ts1cmr.fd
File: ts1cmr.fd 2014/09/29 v2.5h Standard LaTeX font definitions
)
LaTeX Font Info:    ... okay on input line 24.

-- Lines per column: 56 (exact).
(/usr/share/texlive/texmf-dist/tex/context/base/supp-pdf.mkii
[Loading MPS to PDF converter (version 2006.09.02).]
\scratchcounter=\count298
\scratchdimen=\dimen148
\scratchbox=\box30
\nofMPsegments=\count299
\nofMParguments=\count300
\everyMPshowfont=\toks23
\MPscratchCnt=\count301
\MPscratchDim=\dimen149
\MPnumerator=\count302
\makeMPintoPDFobject=\count303
\everyMPtoPDFconversion=\toks24
) (/usr/share/texlive/texmf-dist/tex/generic/oberdiek/pdftexcmds.sty
Package: pdftexcmds 2011/11/29 v0.20 Utility functions of pdfTeX for LuaTeX (HO
)

(/usr/share/texlive/texmf-dist/tex/generic/oberdiek/ifluatex.sty
Package: ifluatex 2010/03/01 v1.3 Provides the ifluatex switch (HO)
Package ifluatex Info: LuaTeX not detected.
)
(/usr/share/texlive/texmf-dist/tex/generic/oberdiek/ifpdf.sty
Package: ifpdf 2011/01/30 v2.3 Provides the ifpdf switch (HO)
Package ifpdf Info: pdfTeX in PDF mode is detected.
)
Package pdftexcmds Info: LuaTeX not detected.
Package pdftexcmds Info: \pdf@primitive is available.
Package pdftexcmds Info: \pdf@ifprimitive is available.
Package pdftexcmds Info: \pdfdraftmode found.
)
(/usr/share/texlive/texmf-dist/tex/latex/oberdiek/epstopdf-base.sty
Package: epstopdf-base 2010/02/09 v2.5 Base part for package epstopdf

(/usr/share/texlive/texmf-dist/tex/latex/oberdiek/grfext.sty
Package: grfext 2010/08/19 v1.1 Manage graphics extensions (HO)

(/usr/share/texlive/texmf-dist/tex/generic/oberdiek/kvdefinekeys.sty
Package: kvdefinekeys 2011/04/07 v1.3 Define keys (HO)
))
(/usr/share/texlive/texmf-dist/tex/latex/oberdiek/kvoptions.sty
Package: kvoptions 2011/06/30 v3.11 Key value format for package options (HO)

(/usr/share/texlive/texmf-dist/tex/generic/oberdiek/kvsetkeys.sty
Package: kvsetkeys 2012/04/25 v1.16 Key value parser (HO)

(/usr/share/texlive/texmf-dist/tex/generic/oberdiek/etexcmds.sty
Package: etexcmds 2011/02/16 v1.5 Avoid name clashes with e-TeX commands (HO)
Package etexcmds Info: Could not find \expanded.
(etexcmds)             That can mean that you are not using pdfTeX 1.50 or
(etexcmds)             that some package has redefined \expanded.
(etexcmds)             In the latter case, load this package earlier.
)))
Package grfext Info: Graphics extension search list:
(grfext)             [.png,.pdf,.jpg,.mps,.jpeg,.jbig2,.jb2,.PNG,.PDF,.JPG,.JPE
G,.JBIG2,.JB2,.eps]
(grfext)             \AppendGraphicsExtensions on input line 452.

(/usr/share/texlive/texmf-dist/tex/latex/latexconfig/epstopdf-sys.cfg
File: epstopdf-sys.cfg 2010/07/13 v1.3 Configuration of (r)epstopdf for TeX Liv
e
))
Package caption Info: Begin \AtBeginDocument code.
Package caption Info: End \AtBeginDocument code.
Package biblatex Info: No input encoding detected.
(biblatex)             Assuming 'ascii'.
Package biblatex Info: Automatic encoding selection.
(biblatex)             Assuming data encoding 'ascii'.
\openout3 = `approx_workload-blx.bib'.

Package biblatex Info: Trying to load bibliographic data...
Package biblatex Info: ... file 'approx_workload.bbl' found.

(./approx_workload.bbl)
Package biblatex Info: Reference section=0 on input line 24.
Package biblatex Info: Reference segment=0 on input line 24.


LaTeX Warning: No \author given.


LaTeX Warning: No \author given.


LaTeX Warning: No \author given.

(./sections/introduction.tex
<graphs/normalized_cache_misses.pdf, id=1, 433.62pt x 433.62pt>
File: graphs/normalized_cache_misses.pdf Graphic file (type pdf)

<use graphs/normalized_cache_misses.pdf>
Package pdftex.def Info: graphs/normalized_cache_misses.pdf used on input line 
4.
(pdftex.def)             Requested size: 216.80946pt x 216.80946pt.
 [1{/var/lib/texmf/fonts/map/pdftex/updmap/pdftex.map}


 <./graphs/normalized_cache_misses.pdf>]
LaTeX Font Info:    Try loading font information for U+msa on input line 39.

(/usr/share/texlive/texmf-dist/tex/latex/amsfonts/umsa.fd
File: umsa.fd 2013/01/14 v3.01 AMS symbols A
)
LaTeX Font Info:    Try loading font information for U+msb on input line 39.

(/usr/share/texlive/texmf-dist/tex/latex/amsfonts/umsb.fd
File: umsb.fd 2013/01/14 v3.01 AMS symbols B
))
(./sections/silent_approx_stores.tex
<figures/MESI_SAS.pdf, id=16, 597.50786pt x 845.04686pt>
File: figures/MESI_SAS.pdf Graphic file (type pdf)

<use figures/MESI_SAS.pdf>
Package pdftex.def Info: figures/MESI_SAS.pdf used on input line 4.
(pdftex.def)             Requested size: 238.9989pt x 338.01276pt.
) (./sections/related_work.tex)
(./sections/implementation.tex
LaTeX Font Info:    Try loading font information for OT1+pcr on input line 10.

(/usr/share/texlive/texmf-dist/tex/latex/psnfss/ot1pcr.fd
File: ot1pcr.fd 2001/06/04 font definitions for OT1/pcr.
))
(./sections/evaluation.tex [2 <./figures/MESI_SAS.pdf>]
<graphs/cache_misses_L1.pdf, id=36, 433.62pt x 433.62pt>
File: graphs/cache_misses_L1.pdf Graphic file (type pdf)

<use graphs/cache_misses_L1.pdf>
Package pdftex.def Info: graphs/cache_misses_L1.pdf used on input line 69.
(pdftex.def)             Requested size: 173.44492pt x 173.44492pt.

Overfull \hbox (3.16397pt too wide) in paragraph at lines 69--70
 [][] 
 []

<graphs/all_misses_L1.pdf, id=37, 433.62pt x 433.62pt>
File: graphs/all_misses_L1.pdf Graphic file (type pdf)

<use graphs/all_misses_L1.pdf>
Package pdftex.def Info: graphs/all_misses_L1.pdf used on input line 75.
(pdftex.def)             Requested size: 173.44492pt x 173.44492pt.

Overfull \hbox (3.16397pt too wide) in paragraph at lines 75--76
 [][] 
 []

<graphs/coherence_misses_L1.pdf, id=38, 433.62pt x 433.62pt>
File: graphs/coherence_misses_L1.pdf Graphic file (type pdf)

<use graphs/coherence_misses_L1.pdf>
Package pdftex.def Info: graphs/coherence_misses_L1.pdf used on input line 81.
(pdftex.def)             Requested size: 173.44492pt x 173.44492pt.

Overfull \hbox (3.16397pt too wide) in paragraph at lines 81--82
 [][] 
 []

<graphs/cache_misses_L2.pdf, id=39, 433.62pt x 433.62pt>
File: graphs/cache_misses_L2.pdf Graphic file (type pdf)

<use graphs/cache_misses_L2.pdf>
Package pdftex.def Info: graphs/cache_misses_L2.pdf used on input line 94.
(pdftex.def)             Requested size: 173.44492pt x 173.44492pt.

Overfull \hbox (3.16397pt too wide) in paragraph at lines 94--95
 [][] 
 []

<graphs/all_misses_L2.pdf, id=40, 433.62pt x 433.62pt>
File: graphs/all_misses_L2.pdf Graphic file (type pdf)

<use graphs/all_misses_L2.pdf>
Package pdftex.def Info: graphs/all_misses_L2.pdf used on input line 100.
(pdftex.def)             Requested size: 173.44492pt x 173.44492pt.

Overfull \hbox (3.16397pt too wide) in paragraph at lines 100--101
 [][] 
 []

<graphs/coherence_misses_L2.pdf, id=41, 433.62pt x 433.62pt>
File: graphs/coherence_misses_L2.pdf Graphic file (type pdf)

<use graphs/coherence_misses_L2.pdf>
Package pdftex.def Info: graphs/coherence_misses_L2.pdf used on input line 106.

(pdftex.def)             Requested size: 173.44492pt x 173.44492pt.

Overfull \hbox (3.16397pt too wide) in paragraph at lines 106--107
 [][] 
 []

<graphs/histogram/full_hist.pdf, id=42, 433.62pt x 433.62pt>
File: graphs/histogram/full_hist.pdf Graphic file (type pdf)

<use graphs/histogram/full_hist.pdf>
Package pdftex.def Info: graphs/histogram/full_hist.pdf used on input line 192.

(pdftex.def)             Requested size: 173.44492pt x 173.44492pt.

Overfull \hbox (3.16397pt too wide) in paragraph at lines 192--193
 [][] 
 []

<graphs/histogram/narrow_hist.pdf, id=43, 433.62pt x 433.62pt>
File: graphs/histogram/narrow_hist.pdf Graphic file (type pdf)

<use graphs/histogram/narrow_hist.pdf>
Package pdftex.def Info: graphs/histogram/narrow_hist.pdf used on input line 19
8.
(pdftex.def)             Requested size: 173.44492pt x 173.44492pt.

Overfull \hbox (3.16397pt too wide) in paragraph at lines 198--199
 [][] 
 []

<graphs/histogram/narrow_dist.pdf, id=44, 433.62pt x 433.62pt>
File: graphs/histogram/narrow_dist.pdf Graphic file (type pdf)

<use graphs/histogram/narrow_dist.pdf>
Package pdftex.def Info: graphs/histogram/narrow_dist.pdf used on input line 20
4.
(pdftex.def)             Requested size: 173.44492pt x 173.44492pt.

Overfull \hbox (3.16397pt too wide) in paragraph at lines 204--205
 [][] 
 []

<graphs/histogram_top5/full_hist.pdf, id=45, 433.62pt x 433.62pt>
File: graphs/histogram_top5/full_hist.pdf Graphic file (type pdf)

<use graphs/histogram_top5/full_hist.pdf>
Package pdftex.def Info: graphs/histogram_top5/full_hist.pdf used on input line
 215.
(pdftex.def)             Requested size: 173.44492pt x 173.44492pt.

Overfull \hbox (3.16397pt too wide) in paragraph at lines 215--216
 [][] 
 []

<graphs/histogram_top5/narrow_hist.pdf, id=46, 433.62pt x 433.62pt>
File: graphs/histogram_top5/narrow_hist.pdf Graphic file (type pdf)

<use graphs/histogram_top5/narrow_hist.pdf>
Package pdftex.def Info: graphs/histogram_top5/narrow_hist.pdf used on input li
ne 221.
(pdftex.def)             Requested size: 173.44492pt x 173.44492pt.

Overfull \hbox (3.16397pt too wide) in paragraph at lines 221--222
 [][] 
 []

<graphs/histogram_top5/narrow_dist.pdf, id=47, 433.62pt x 433.62pt>
File: graphs/histogram_top5/narrow_dist.pdf Graphic file (type pdf)

<use graphs/histogram_top5/narrow_dist.pdf>
Package pdftex.def Info: graphs/histogram_top5/narrow_dist.pdf used on input li
ne 227.
(pdftex.def)             Requested size: 173.44492pt x 173.44492pt.

Overfull \hbox (3.16397pt too wide) in paragraph at lines 227--228
 [][] 
 []

<graphs/kmeans/full_hist.pdf, id=48, 433.62pt x 433.62pt>
File: graphs/kmeans/full_hist.pdf Graphic file (type pdf)

<use graphs/kmeans/full_hist.pdf>
Package pdftex.def Info: graphs/kmeans/full_hist.pdf used on input line 272.
(pdftex.def)             Requested size: 173.44492pt x 173.44492pt.

Overfull \hbox (3.16397pt too wide) in paragraph at lines 272--273
 [][] 
 []

<graphs/kmeans/narrow_hist.pdf, id=49, 433.62pt x 433.62pt>
File: graphs/kmeans/narrow_hist.pdf Graphic file (type pdf)

<use graphs/kmeans/narrow_hist.pdf>
Package pdftex.def Info: graphs/kmeans/narrow_hist.pdf used on input line 278.
(pdftex.def)             Requested size: 173.44492pt x 173.44492pt.

Overfull \hbox (3.16397pt too wide) in paragraph at lines 278--279
 [][] 
 []

<graphs/kmeans/narrow_dist.pdf, id=50, 433.62pt x 433.62pt>
File: graphs/kmeans/narrow_dist.pdf Graphic file (type pdf)

<use graphs/kmeans/narrow_dist.pdf>
Package pdftex.def Info: graphs/kmeans/narrow_dist.pdf used on input line 284.
(pdftex.def)             Requested size: 173.44492pt x 173.44492pt.

Overfull \hbox (3.16397pt too wide) in paragraph at lines 284--285
 [][] 
 []

<graphs/kmeans_top5/full_hist.pdf, id=51, 433.62pt x 433.62pt>
File: graphs/kmeans_top5/full_hist.pdf Graphic file (type pdf)

<use graphs/kmeans_top5/full_hist.pdf>
Package pdftex.def Info: graphs/kmeans_top5/full_hist.pdf used on input line 29
4.
(pdftex.def)             Requested size: 173.44492pt x 173.44492pt.

Overfull \hbox (3.16397pt too wide) in paragraph at lines 294--295
 [][] 
 []

<graphs/kmeans_top5/narrow_hist.pdf, id=52, 433.62pt x 433.62pt>
File: graphs/kmeans_top5/narrow_hist.pdf Graphic file (type pdf)

<use graphs/kmeans_top5/narrow_hist.pdf>
Package pdftex.def Info: graphs/kmeans_top5/narrow_hist.pdf used on input line 
300.
(pdftex.def)             Requested size: 173.44492pt x 173.44492pt.

Overfull \hbox (3.16397pt too wide) in paragraph at lines 300--301
 [][] 
 []

<graphs/kmeans_top5/narrow_dist.pdf, id=53, 433.62pt x 433.62pt>
File: graphs/kmeans_top5/narrow_dist.pdf Graphic file (type pdf)

<use graphs/kmeans_top5/narrow_dist.pdf>
Package pdftex.def Info: graphs/kmeans_top5/narrow_dist.pdf used on input line 
306.
(pdftex.def)             Requested size: 173.44492pt x 173.44492pt.

Overfull \hbox (3.16397pt too wide) in paragraph at lines 306--307
 [][] 
 []

<graphs/linear_regression/full_hist.pdf, id=54, 433.62pt x 433.62pt>
File: graphs/linear_regression/full_hist.pdf Graphic file (type pdf)

<use graphs/linear_regression/full_hist.pdf>
Package pdftex.def Info: graphs/linear_regression/full_hist.pdf used on input l
ine 354.
(pdftex.def)             Requested size: 173.44492pt x 173.44492pt.

Overfull \hbox (3.16397pt too wide) in paragraph at lines 354--355
 [][] 
 []

<graphs/linear_regression/narrow_hist.pdf, id=55, 433.62pt x 433.62pt>
File: graphs/linear_regression/narrow_hist.pdf Graphic file (type pdf)

<use graphs/linear_regression/narrow_hist.pdf>
Package pdftex.def Info: graphs/linear_regression/narrow_hist.pdf used on input
 line 360.
(pdftex.def)             Requested size: 173.44492pt x 173.44492pt.

Overfull \hbox (3.16397pt too wide) in paragraph at lines 360--361
 [][] 
 []

<graphs/linear_regression/narrow_dist.pdf, id=56, 433.62pt x 433.62pt>
File: graphs/linear_regression/narrow_dist.pdf Graphic file (type pdf)

<use graphs/linear_regression/narrow_dist.pdf>
Package pdftex.def Info: graphs/linear_regression/narrow_dist.pdf used on input
 line 366.
(pdftex.def)             Requested size: 173.44492pt x 173.44492pt.

Overfull \hbox (3.16397pt too wide) in paragraph at lines 366--367
 [][] 
 []

<graphs/linear_regression_top5/full_hist.pdf, id=57, 433.62pt x 433.62pt>
File: graphs/linear_regression_top5/full_hist.pdf Graphic file (type pdf)

<use graphs/linear_regression_top5/full_hist.pdf>
Package pdftex.def Info: graphs/linear_regression_top5/full_hist.pdf used on in
put line 376.
(pdftex.def)             Requested size: 173.44492pt x 173.44492pt.

Overfull \hbox (3.16397pt too wide) in paragraph at lines 376--377
 [][] 
 []

<graphs/linear_regression_top5/narrow_hist.pdf, id=58, 433.62pt x 433.62pt>
File: graphs/linear_regression_top5/narrow_hist.pdf Graphic file (type pdf)

<use graphs/linear_regression_top5/narrow_hist.pdf>
Package pdftex.def Info: graphs/linear_regression_top5/narrow_hist.pdf used on 
input line 382.
(pdftex.def)             Requested size: 173.44492pt x 173.44492pt.

Overfull \hbox (3.16397pt too wide) in paragraph at lines 382--383
 [][] 
 []

<graphs/linear_regression_top5/narrow_dist.pdf, id=59, 433.62pt x 433.62pt>
File: graphs/linear_regression_top5/narrow_dist.pdf Graphic file (type pdf)

<use graphs/linear_regression_top5/narrow_dist.pdf>
Package pdftex.def Info: graphs/linear_regression_top5/narrow_dist.pdf used on 
input line 388.
(pdftex.def)             Requested size: 173.44492pt x 173.44492pt.

Overfull \hbox (3.16397pt too wide) in paragraph at lines 388--389
 [][] 
 []

<graphs/matrix_multiply/full_hist.pdf, id=60, 433.62pt x 433.62pt>
File: graphs/matrix_multiply/full_hist.pdf Graphic file (type pdf)

<use graphs/matrix_multiply/full_hist.pdf>
Package pdftex.def Info: graphs/matrix_multiply/full_hist.pdf used on input lin
e 439.
(pdftex.def)             Requested size: 173.44492pt x 173.44492pt.

Overfull \hbox (3.16397pt too wide) in paragraph at lines 439--440
 [][] 
 []

<graphs/matrix_multiply/narrow_hist.pdf, id=61, 433.62pt x 433.62pt>
File: graphs/matrix_multiply/narrow_hist.pdf Graphic file (type pdf)

<use graphs/matrix_multiply/narrow_hist.pdf>
Package pdftex.def Info: graphs/matrix_multiply/narrow_hist.pdf used on input l
ine 445.
(pdftex.def)             Requested size: 173.44492pt x 173.44492pt.

Overfull \hbox (3.16397pt too wide) in paragraph at lines 445--446
 [][] 
 []

<graphs/matrix_multiply/narrow_dist.pdf, id=62, 433.62pt x 433.62pt>
File: graphs/matrix_multiply/narrow_dist.pdf Graphic file (type pdf)

<use graphs/matrix_multiply/narrow_dist.pdf>
Package pdftex.def Info: graphs/matrix_multiply/narrow_dist.pdf used on input l
ine 451.
(pdftex.def)             Requested size: 173.44492pt x 173.44492pt.

Overfull \hbox (3.16397pt too wide) in paragraph at lines 451--452
 [][] 
 []

<graphs/matrix_multiply_top5/full_hist.pdf, id=63, 433.62pt x 433.62pt>
File: graphs/matrix_multiply_top5/full_hist.pdf Graphic file (type pdf)

<use graphs/matrix_multiply_top5/full_hist.pdf>
Package pdftex.def Info: graphs/matrix_multiply_top5/full_hist.pdf used on inpu
t line 461.
(pdftex.def)             Requested size: 173.44492pt x 173.44492pt.

Overfull \hbox (3.16397pt too wide) in paragraph at lines 461--462
 [][] 
 []

<graphs/matrix_multiply_top5/narrow_hist.pdf, id=64, 433.62pt x 433.62pt>
File: graphs/matrix_multiply_top5/narrow_hist.pdf Graphic file (type pdf)

<use graphs/matrix_multiply_top5/narrow_hist.pdf>
Package pdftex.def Info: graphs/matrix_multiply_top5/narrow_hist.pdf used on in
put line 467.
(pdftex.def)             Requested size: 173.44492pt x 173.44492pt.

Overfull \hbox (3.16397pt too wide) in paragraph at lines 467--468
 [][] 
 []

<graphs/matrix_multiply_top5/narrow_dist.pdf, id=65, 433.62pt x 433.62pt>
File: graphs/matrix_multiply_top5/narrow_dist.pdf Graphic file (type pdf)

<use graphs/matrix_multiply_top5/narrow_dist.pdf>
Package pdftex.def Info: graphs/matrix_multiply_top5/narrow_dist.pdf used on in
put line 473.
(pdftex.def)             Requested size: 173.44492pt x 173.44492pt.

Overfull \hbox (3.16397pt too wide) in paragraph at lines 473--474
 [][] 
 []

<graphs/pca_top5/full_hist.pdf, id=66, 433.62pt x 433.62pt>
File: graphs/pca_top5/full_hist.pdf Graphic file (type pdf)

<use graphs/pca_top5/full_hist.pdf>
Package pdftex.def Info: graphs/pca_top5/full_hist.pdf used on input line 524.
(pdftex.def)             Requested size: 173.44492pt x 173.44492pt.

Overfull \hbox (3.16397pt too wide) in paragraph at lines 524--525
 [][] 
 []

<graphs/pca_top5/narrow_hist.pdf, id=67, 433.62pt x 433.62pt>
File: graphs/pca_top5/narrow_hist.pdf Graphic file (type pdf)

<use graphs/pca_top5/narrow_hist.pdf>
Package pdftex.def Info: graphs/pca_top5/narrow_hist.pdf used on input line 530
.
(pdftex.def)             Requested size: 173.44492pt x 173.44492pt.

Overfull \hbox (3.16397pt too wide) in paragraph at lines 530--531
 [][] 
 []

<graphs/pca_top5/narrow_dist.pdf, id=68, 433.62pt x 433.62pt>
File: graphs/pca_top5/narrow_dist.pdf Graphic file (type pdf)

<use graphs/pca_top5/narrow_dist.pdf>
Package pdftex.def Info: graphs/pca_top5/narrow_dist.pdf used on input line 536
.
(pdftex.def)             Requested size: 173.44492pt x 173.44492pt.

Overfull \hbox (3.16397pt too wide) in paragraph at lines 536--537
 [][] 
 []

) (./sections/conclusion.tex) [3] [4 <./graphs/cache_misses_L1.pdf> <./graphs/a
ll_misses_L1.pdf> <./graphs/coherence_misses_L1.pdf> <./graphs/cache_misses_L2.
pdf> <./graphs/all_misses_L2.pdf> <./graphs/coherence_misses_L2.pdf>] [5 <./gra
phs/histogram/full_hist.pdf> <./graphs/histogram/narrow_hist.pdf> <./graphs/his
togram/narrow_dist.pdf> <./graphs/histogram_top5/full_hist.pdf> <./graphs/histo
gram_top5/narrow_hist.pdf> <./graphs/histogram_top5/narrow_dist.pdf>] [6 <./gra
phs/kmeans/full_hist.pdf> <./graphs/kmeans/narrow_hist.pdf> <./graphs/kmeans/na
rrow_dist.pdf> <./graphs/kmeans_top5/full_hist.pdf> <./graphs/kmeans_top5/narro
w_hist.pdf> <./graphs/kmeans_top5/narrow_dist.pdf>] [7 <./graphs/linear_regress
ion/full_hist.pdf> <./graphs/linear_regression/narrow_hist.pdf> <./graphs/linea
r_regression/narrow_dist.pdf> <./graphs/linear_regression_top5/full_hist.pdf> <
./graphs/linear_regression_top5/narrow_hist.pdf> <./graphs/linear_regression_to
p5/narrow_dist.pdf>]

** Conference Paper **
Before submitting the final camera ready copy, remember to:

 1. Manually equalize the lengths of two columns on the last page
 of your paper;

 2. Ensure that any PostScript and/or PDF output post-processing
 uses only Type 1 fonts and that every step in the generation
 process uses the appropriate paper size.

[8 <./graphs/matrix_multiply/full_hist.pdf> <./graphs/matrix_multiply/narrow_hi
st.pdf> <./graphs/matrix_multiply/narrow_dist.pdf> <./graphs/matrix_multiply_to
p5/full_hist.pdf> <./graphs/matrix_multiply_top5/narrow_hist.pdf> <./graphs/mat
rix_multiply_top5/narrow_dist.pdf>] [9 <./graphs/pca_top5/full_hist.pdf> <./gra
phs/pca_top5/narrow_hist.pdf> <./graphs/pca_top5/narrow_dist.pdf>]
(./approx_workload.aux)
Package logreq Info: Writing requests to 'approx_workload.run.xml'.
\openout1 = `approx_workload.run.xml'.

 )
(\end occurred when \iftrue on line 24 was incomplete) 
Here is how much of TeX's memory you used:
 12170 strings out of 493029
 207868 string characters out of 6136234
 387386 words of memory out of 5000000
 15527 multiletter control sequences out of 15000+600000
 40535 words of font info for 86 fonts, out of 8000000 for 9000
 1141 hyphenation exceptions out of 8191
 38i,15n,48p,1894b,997s stack positions out of 5000i,500n,10000p,200000b,80000s
{/usr/share/texlive/texmf
-dist/fonts/enc/dvips/base/8r.enc}</usr/share/texlive/texmf-dist/fonts/type1/pu
blic/amsfonts/cm/cmmi8.pfb></usr/share/texlive/texmf-dist/fonts/type1/public/am
sfonts/cm/cmr6.pfb></usr/share/texlive/texmf-dist/fonts/type1/public/amsfonts/c
m/cmr8.pfb></usr/share/texlive/texmf-dist/fonts/type1/public/amsfonts/cm/cmsy7.
pfb></usr/share/texlive/texmf-dist/fonts/type1/public/amsfonts/cm/cmsy8.pfb></u
sr/share/texlive/texmf-dist/fonts/type1/urw/courier/ucrr8a.pfb></usr/share/texl
ive/texmf-dist/fonts/type1/urw/times/utmb8a.pfb></usr/share/texlive/texmf-dist/
fonts/type1/urw/times/utmbi8a.pfb></usr/share/texlive/texmf-dist/fonts/type1/ur
w/times/utmr8a.pfb></usr/share/texlive/texmf-dist/fonts/type1/urw/times/utmri8a
.pfb>
Output written on approx_workload.pdf (9 pages, 8414227 bytes).
PDF statistics:
 323 PDF objects out of 1000 (max. 8388607)
 226 compressed objects within 3 object streams
 0 named destinations out of 1000 (max. 500000)
 176 words of extra memory for PDF output out of 10000 (max. 10000000)

